<?xml version="1.0" encoding="UTF-8"?>
<!-- Generated by org.testng.reporters.JUnitReportReporter -->
<testsuite hostname="LAPTOP-V99O9GQN" failures="0" tests="1" name="Academy.Sampleproject.ProducttothecartTest" time="16.989" errors="0" timestamp="2020-08-03T11:40:29 IST" skipped="0">
  <testcase classname="Academy.Sampleproject.ProducttothecartTest" name="productverification" time="16.989"/>
  <system-out/>
</testsuite> <!-- Academy.Sampleproject.ProducttothecartTest -->
