<?xml version="1.0" encoding="UTF-8"?>
<!-- Generated by org.testng.reporters.JUnitReportReporter -->
<testsuite hostname="LAPTOP-V99O9GQN" failures="0" tests="1" name="Academy.Sampleproject.SecondTest" time="18.104" errors="0" timestamp="2020-08-04T10:14:23 IST" skipped="0">
  <testcase classname="Academy.Sampleproject.SecondTest" name="pricecomparison" time="18.104"/>
  <system-out/>
</testsuite> <!-- Academy.Sampleproject.SecondTest -->
