<?xml version="1.0" encoding="UTF-8"?>
<!-- Generated by org.testng.reporters.JUnitReportReporter -->
<testsuite hostname="LAPTOP-V99O9GQN" failures="0" tests="1" name="Academy.Sampleproject.PriceverificationTest" time="28.583" errors="0" timestamp="2020-08-02T22:53:31 IST" skipped="0">
  <testcase classname="Academy.Sampleproject.PriceverificationTest" name="pricecomparison" time="28.583"/>
  <system-out/>
</testsuite> <!-- Academy.Sampleproject.PriceverificationTest -->
