<?xml version="1.0" encoding="UTF-8"?>
<!-- Generated by org.testng.reporters.JUnitReportReporter -->
<testsuite hostname="LAPTOP-V99O9GQN" failures="0" tests="1" name="Academy.Sampleproject.HomepageTest" time="16.348" errors="0" timestamp="2020-08-03T11:40:29 IST" skipped="0">
  <testcase classname="Academy.Sampleproject.HomepageTest" name="basepagenavigation" time="16.348"/>
  <system-out/>
</testsuite> <!-- Academy.Sampleproject.HomepageTest -->
