<?xml version="1.0" encoding="UTF-8"?>
<!-- Generated by org.testng.reporters.JUnitReportReporter -->
<testsuite hostname="LAPTOP-V99O9GQN" failures="0" tests="1" name="Academy.Sampleproject.HomepageTest" time="23.138" errors="0" timestamp="2020-08-01T22:33:17 IST" skipped="0">
  <testcase classname="Academy.Sampleproject.HomepageTest" name="basepagenavigation" time="23.138"/>
  <system-out/>
</testsuite> <!-- Academy.Sampleproject.HomepageTest -->
