<?xml version="1.0" encoding="UTF-8"?>
<!-- Generated by org.testng.reporters.JUnitReportReporter -->
<testsuite hostname="LAPTOP-V99O9GQN" failures="0" tests="1" name="Academy.Sampleproject.ForthTest" time="22.632" errors="0" timestamp="2020-08-04T11:15:37 IST" skipped="0">
  <testcase classname="Academy.Sampleproject.ForthTest" name="compareprodct" time="22.632"/>
  <system-out/>
</testsuite> <!-- Academy.Sampleproject.ForthTest -->
