<?xml version="1.0" encoding="UTF-8"?>
<!-- Generated by org.testng.reporters.JUnitReportReporter -->
<testsuite hostname="LAPTOP-V99O9GQN" failures="0" tests="1" name="Academy.Sampleproject.AppTest" time="0.003" errors="0" timestamp="2020-08-01T22:33:17 IST" skipped="0">
  <testcase classname="Academy.Sampleproject.AppTest" name="shouldAnswerWithTrue" time="0.003"/>
  <system-out/>
</testsuite> <!-- Academy.Sampleproject.AppTest -->
