<?xml version="1.0" encoding="UTF-8"?>
<!-- Generated by org.testng.reporters.JUnitReportReporter -->
<testsuite hostname="LAPTOP-V99O9GQN" failures="0" tests="1" name="Academy.Sampleproject.AppTest" time="0.008" errors="0" timestamp="2020-08-02T22:53:32 IST" skipped="0">
  <testcase classname="Academy.Sampleproject.AppTest" name="shouldAnswerWithTrue" time="0.008"/>
  <system-out/>
</testsuite> <!-- Academy.Sampleproject.AppTest -->
